Determining if the pthread_create exist failed with the following output:
Change Dir: /u/xcliu/projects/cs393r_starter/build/CMakeFiles/CMakeTmp

Run Build Command:"/usr/bin/make" "cmTC_caa99/fast"
make[1]: Entering directory '/u/xcliu/projects/cs393r_starter/build/CMakeFiles/CMakeTmp'
/usr/bin/make -f CMakeFiles/cmTC_caa99.dir/build.make CMakeFiles/cmTC_caa99.dir/build
make[2]: Entering directory '/u/xcliu/projects/cs393r_starter/build/CMakeFiles/CMakeTmp'
Building C object CMakeFiles/cmTC_caa99.dir/CheckSymbolExists.c.o
/usr/bin/gcc    -o CMakeFiles/cmTC_caa99.dir/CheckSymbolExists.c.o   -c /u/xcliu/projects/cs393r_starter/build/CMakeFiles/CMakeTmp/CheckSymbolExists.c
Linking C executable cmTC_caa99
/usr/bin/cmake -E cmake_link_script CMakeFiles/cmTC_caa99.dir/link.txt --verbose=1
/usr/bin/gcc      -rdynamic CMakeFiles/cmTC_caa99.dir/CheckSymbolExists.c.o  -o cmTC_caa99 
CMakeFiles/cmTC_caa99.dir/CheckSymbolExists.c.o: In function `main':
CheckSymbolExists.c:(.text+0x1b): undefined reference to `pthread_create'
collect2: error: ld returned 1 exit status
CMakeFiles/cmTC_caa99.dir/build.make:97: recipe for target 'cmTC_caa99' failed
make[2]: *** [cmTC_caa99] Error 1
make[2]: Leaving directory '/u/xcliu/projects/cs393r_starter/build/CMakeFiles/CMakeTmp'
Makefile:126: recipe for target 'cmTC_caa99/fast' failed
make[1]: *** [cmTC_caa99/fast] Error 2
make[1]: Leaving directory '/u/xcliu/projects/cs393r_starter/build/CMakeFiles/CMakeTmp'

File /u/xcliu/projects/cs393r_starter/build/CMakeFiles/CMakeTmp/CheckSymbolExists.c:
/* */
#include <pthread.h>

int main(int argc, char** argv)
{
  (void)argv;
#ifndef pthread_create
  return ((int*)(&pthread_create))[argc];
#else
  (void)argc;
  return 0;
#endif
}

Determining if the function pthread_create exists in the pthreads failed with the following output:
Change Dir: /u/xcliu/projects/cs393r_starter/build/CMakeFiles/CMakeTmp

Run Build Command:"/usr/bin/make" "cmTC_b7c44/fast"
make[1]: Entering directory '/u/xcliu/projects/cs393r_starter/build/CMakeFiles/CMakeTmp'
/usr/bin/make -f CMakeFiles/cmTC_b7c44.dir/build.make CMakeFiles/cmTC_b7c44.dir/build
make[2]: Entering directory '/u/xcliu/projects/cs393r_starter/build/CMakeFiles/CMakeTmp'
Building C object CMakeFiles/cmTC_b7c44.dir/CheckFunctionExists.c.o
/usr/bin/gcc   -DCHECK_FUNCTION_EXISTS=pthread_create   -o CMakeFiles/cmTC_b7c44.dir/CheckFunctionExists.c.o   -c /usr/share/cmake-3.10/Modules/CheckFunctionExists.c
Linking C executable cmTC_b7c44
/usr/bin/cmake -E cmake_link_script CMakeFiles/cmTC_b7c44.dir/link.txt --verbose=1
/usr/bin/gcc  -DCHECK_FUNCTION_EXISTS=pthread_create    -rdynamic CMakeFiles/cmTC_b7c44.dir/CheckFunctionExists.c.o  -o cmTC_b7c44 -lpthreads 
/usr/bin/ld: cannot find -lpthreads
collect2: error: ld returned 1 exit status
CMakeFiles/cmTC_b7c44.dir/build.make:97: recipe for target 'cmTC_b7c44' failed
make[2]: *** [cmTC_b7c44] Error 1
make[2]: Leaving directory '/u/xcliu/projects/cs393r_starter/build/CMakeFiles/CMakeTmp'
Makefile:126: recipe for target 'cmTC_b7c44/fast' failed
make[1]: *** [cmTC_b7c44/fast] Error 2
make[1]: Leaving directory '/u/xcliu/projects/cs393r_starter/build/CMakeFiles/CMakeTmp'


